{"C:\\Users\\Himanshu Kumar\\Desktop\\Practice\\Lecture13\\src\\components\\Body.js": {"path":"C:\\Users\\Himanshu Kumar\\Desktop\\Practice\\Lecture13\\src\\components\\Body.js","statementMap":{"0":{"start":{"line":10,"column":13},"end":{"line":119,"column":1}},"1":{"start":{"line":11,"column":51},"end":{"line":11,"column":63}},"2":{"start":{"line":12,"column":56},"end":{"line":12,"column":68}},"3":{"start":{"line":13,"column":38},"end":{"line":13,"column":50}},"4":{"start":{"line":14,"column":29},"end":{"line":14,"column":58}},"5":{"start":{"line":16,"column":40},"end":{"line":16,"column":63}},"6":{"start":{"line":17,"column":2},"end":{"line":19,"column":9}},"7":{"start":{"line":18,"column":4},"end":{"line":18,"column":16}},"8":{"start":{"line":21,"column":20},"end":{"line":32,"column":3}},"9":{"start":{"line":22,"column":17},"end":{"line":24,"column":5}},"10":{"start":{"line":25,"column":17},"end":{"line":25,"column":34}},"11":{"start":{"line":26,"column":4},"end":{"line":28,"column":6}},"12":{"start":{"line":29,"column":4},"end":{"line":31,"column":6}},"13":{"start":{"line":34,"column":23},"end":{"line":34,"column":40}},"14":{"start":{"line":35,"column":2},"end":{"line":35,"column":56}},"15":{"start":{"line":35,"column":30},"end":{"line":35,"column":56}},"16":{"start":{"line":37,"column":30},"end":{"line":42,"column":3}},"17":{"start":{"line":38,"column":25},"end":{"line":40,"column":5}},"18":{"start":{"line":39,"column":22},"end":{"line":39,"column":53}},"19":{"start":{"line":41,"column":4},"end":{"line":41,"column":41}},"20":{"start":{"line":44,"column":2},"end":{"line":118,"column":4}},"21":{"start":{"line":55,"column":27},"end":{"line":55,"column":54}},"22":{"start":{"line":76,"column":27},"end":{"line":76,"column":56}},"23":{"start":{"line":81,"column":39},"end":{"line":83,"column":13}},"24":{"start":{"line":82,"column":14},"end":{"line":82,"column":83}},"25":{"start":{"line":84,"column":12},"end":{"line":84,"column":55}},"26":{"start":{"line":104,"column":10},"end":{"line":114,"column":17}}},"fnMap":{"0":{"name":"(anonymous_0)","decl":{"start":{"line":10,"column":13},"end":{"line":10,"column":14}},"loc":{"start":{"line":10,"column":19},"end":{"line":119,"column":1}},"line":10},"1":{"name":"(anonymous_1)","decl":{"start":{"line":17,"column":12},"end":{"line":17,"column":13}},"loc":{"start":{"line":17,"column":18},"end":{"line":19,"column":3}},"line":17},"2":{"name":"(anonymous_2)","decl":{"start":{"line":21,"column":20},"end":{"line":21,"column":21}},"loc":{"start":{"line":21,"column":32},"end":{"line":32,"column":3}},"line":21},"3":{"name":"(anonymous_3)","decl":{"start":{"line":37,"column":30},"end":{"line":37,"column":31}},"loc":{"start":{"line":37,"column":36},"end":{"line":42,"column":3}},"line":37},"4":{"name":"(anonymous_4)","decl":{"start":{"line":39,"column":6},"end":{"line":39,"column":7}},"loc":{"start":{"line":39,"column":22},"end":{"line":39,"column":53}},"line":39},"5":{"name":"(anonymous_5)","decl":{"start":{"line":55,"column":20},"end":{"line":55,"column":21}},"loc":{"start":{"line":55,"column":27},"end":{"line":55,"column":54}},"line":55},"6":{"name":"(anonymous_6)","decl":{"start":{"line":76,"column":20},"end":{"line":76,"column":21}},"loc":{"start":{"line":76,"column":27},"end":{"line":76,"column":56}},"line":76},"7":{"name":"(anonymous_7)","decl":{"start":{"line":80,"column":19},"end":{"line":80,"column":20}},"loc":{"start":{"line":80,"column":25},"end":{"line":85,"column":11}},"line":80},"8":{"name":"(anonymous_8)","decl":{"start":{"line":81,"column":64},"end":{"line":81,"column":65}},"loc":{"start":{"line":82,"column":14},"end":{"line":82,"column":83}},"line":82},"9":{"name":"(anonymous_9)","decl":{"start":{"line":103,"column":33},"end":{"line":103,"column":34}},"loc":{"start":{"line":104,"column":10},"end":{"line":114,"column":17}},"line":104}},"branchMap":{"0":{"loc":{"start":{"line":35,"column":2},"end":{"line":35,"column":56}},"type":"if","locations":[{"start":{"line":35,"column":2},"end":{"line":35,"column":56}},{"start":{},"end":{}}],"line":35},"1":{"loc":{"start":{"line":44,"column":9},"end":{"line":118,"column":3}},"type":"cond-expr","locations":[{"start":{"line":45,"column":4},"end":{"line":45,"column":15}},{"start":{"line":47,"column":4},"end":{"line":117,"column":10}}],"line":44},"2":{"loc":{"start":{"line":109,"column":13},"end":{"line":113,"column":13}},"type":"cond-expr","locations":[{"start":{"line":110,"column":14},"end":{"line":110,"column":57}},{"start":{"line":112,"column":14},"end":{"line":112,"column":53}}],"line":109}},"s":{"0":1,"1":7,"2":7,"3":7,"4":7,"5":7,"6":7,"7":2,"8":7,"9":2,"10":2,"11":2,"12":2,"13":7,"14":7,"15":0,"16":7,"17":1,"18":20,"19":1,"20":7,"21":0,"22":1,"23":1,"24":20,"25":1,"26":75},"f":{"0":7,"1":2,"2":2,"3":1,"4":20,"5":0,"6":1,"7":1,"8":20,"9":75},"b":{"0":[0,7],"1":[2,5],"2":[75,0]},"_coverageSchema":"1a1c01bbd47fc00a2c39e90264f33305004495a9","hash":"dead39170a24867a153028b1f2288d5133db72d6"}
,"C:\\Users\\Himanshu Kumar\\Desktop\\Practice\\Lecture13\\src\\components\\Cart.js": {"path":"C:\\Users\\Himanshu Kumar\\Desktop\\Practice\\Lecture13\\src\\components\\Cart.js","statementMap":{"0":{"start":{"line":7,"column":13},"end":{"line":74,"column":1}},"1":{"start":{"line":8,"column":20},"end":{"line":8,"column":60}},"2":{"start":{"line":8,"column":43},"end":{"line":8,"column":59}},"3":{"start":{"line":9,"column":19},"end":{"line":9,"column":32}},"4":{"start":{"line":12,"column":36},"end":{"line":12,"column":48}},"5":{"start":{"line":14,"column":26},"end":{"line":16,"column":3}},"6":{"start":{"line":15,"column":4},"end":{"line":15,"column":26}},"7":{"start":{"line":18,"column":27},"end":{"line":26,"column":3}},"8":{"start":{"line":19,"column":18},"end":{"line":19,"column":41}},"9":{"start":{"line":20,"column":4},"end":{"line":25,"column":5}},"10":{"start":{"line":21,"column":6},"end":{"line":21,"column":34}},"11":{"start":{"line":22,"column":6},"end":{"line":22,"column":23}},"12":{"start":{"line":24,"column":6},"end":{"line":24,"column":43}},"13":{"start":{"line":28,"column":2},"end":{"line":73,"column":4}},"14":{"start":{"line":49,"column":27},"end":{"line":49,"column":55}}},"fnMap":{"0":{"name":"(anonymous_0)","decl":{"start":{"line":7,"column":13},"end":{"line":7,"column":14}},"loc":{"start":{"line":7,"column":19},"end":{"line":74,"column":1}},"line":7},"1":{"name":"(anonymous_1)","decl":{"start":{"line":8,"column":32},"end":{"line":8,"column":33}},"loc":{"start":{"line":8,"column":43},"end":{"line":8,"column":59}},"line":8},"2":{"name":"(anonymous_2)","decl":{"start":{"line":14,"column":26},"end":{"line":14,"column":27}},"loc":{"start":{"line":14,"column":32},"end":{"line":16,"column":3}},"line":14},"3":{"name":"(anonymous_3)","decl":{"start":{"line":18,"column":27},"end":{"line":18,"column":28}},"loc":{"start":{"line":18,"column":33},"end":{"line":26,"column":3}},"line":18},"4":{"name":"(anonymous_4)","decl":{"start":{"line":49,"column":20},"end":{"line":49,"column":21}},"loc":{"start":{"line":49,"column":27},"end":{"line":49,"column":55}},"line":49}},"branchMap":{"0":{"loc":{"start":{"line":20,"column":4},"end":{"line":25,"column":5}},"type":"if","locations":[{"start":{"line":20,"column":4},"end":{"line":25,"column":5}},{"start":{"line":23,"column":11},"end":{"line":25,"column":5}}],"line":20},"1":{"loc":{"start":{"line":20,"column":8},"end":{"line":20,"column":63}},"type":"binary-expr","locations":[{"start":{"line":20,"column":8},"end":{"line":20,"column":21}},{"start":{"line":20,"column":25},"end":{"line":20,"column":35}},{"start":{"line":20,"column":39},"end":{"line":20,"column":63}}],"line":20},"2":{"loc":{"start":{"line":61,"column":7},"end":{"line":71,"column":7}},"type":"cond-expr","locations":[{"start":{"line":62,"column":8},"end":{"line":68,"column":14}},{"start":{"line":70,"column":9},"end":{"line":70,"column":39}}],"line":61}},"s":{"0":2,"1":4,"2":8,"3":4,"4":4,"5":4,"6":1,"7":4,"8":0,"9":0,"10":0,"11":0,"12":0,"13":4,"14":0},"f":{"0":4,"1":8,"2":1,"3":0,"4":0},"b":{"0":[0,0],"1":[0,0,0],"2":[2,2]},"_coverageSchema":"1a1c01bbd47fc00a2c39e90264f33305004495a9","hash":"b67c52298cd7c193ffcda08dc0f4f15096c5bf1a"}
,"C:\\Users\\Himanshu Kumar\\Desktop\\Practice\\Lecture13\\src\\components\\Contact.js": {"path":"C:\\Users\\Himanshu Kumar\\Desktop\\Practice\\Lecture13\\src\\components\\Contact.js","statementMap":{"0":{"start":{"line":3,"column":16},"end":{"line":76,"column":1}},"1":{"start":{"line":4,"column":34},"end":{"line":8,"column":4}},"2":{"start":{"line":10,"column":23},"end":{"line":16,"column":3}},"3":{"start":{"line":11,"column":28},"end":{"line":11,"column":36}},"4":{"start":{"line":12,"column":4},"end":{"line":15,"column":7}},"5":{"start":{"line":18,"column":23},"end":{"line":29,"column":3}},"6":{"start":{"line":19,"column":4},"end":{"line":19,"column":23}},"7":{"start":{"line":21,"column":4},"end":{"line":21,"column":26}},"8":{"start":{"line":22,"column":4},"end":{"line":22,"column":41}},"9":{"start":{"line":24,"column":4},"end":{"line":28,"column":7}},"10":{"start":{"line":31,"column":2},"end":{"line":75,"column":4}}},"fnMap":{"0":{"name":"(anonymous_0)","decl":{"start":{"line":3,"column":16},"end":{"line":3,"column":17}},"loc":{"start":{"line":3,"column":22},"end":{"line":76,"column":1}},"line":3},"1":{"name":"(anonymous_1)","decl":{"start":{"line":10,"column":23},"end":{"line":10,"column":24}},"loc":{"start":{"line":10,"column":30},"end":{"line":16,"column":3}},"line":10},"2":{"name":"(anonymous_2)","decl":{"start":{"line":18,"column":23},"end":{"line":18,"column":24}},"loc":{"start":{"line":18,"column":30},"end":{"line":29,"column":3}},"line":18}},"branchMap":{},"s":{"0":1,"1":4,"2":4,"3":0,"4":0,"5":4,"6":0,"7":0,"8":0,"9":0,"10":4},"f":{"0":4,"1":0,"2":0},"b":{},"_coverageSchema":"1a1c01bbd47fc00a2c39e90264f33305004495a9","hash":"659f0db7241e39464f81d28c639944472d5d1321"}
,"C:\\Users\\Himanshu Kumar\\Desktop\\Practice\\Lecture13\\src\\components\\Header.js": {"path":"C:\\Users\\Himanshu Kumar\\Desktop\\Practice\\Lecture13\\src\\components\\Header.js","statementMap":{"0":{"start":{"line":9,"column":15},"end":{"line":75,"column":1}},"1":{"start":{"line":10,"column":42},"end":{"line":10,"column":59}},"2":{"start":{"line":11,"column":23},"end":{"line":11,"column":40}},"3":{"start":{"line":12,"column":25},"end":{"line":12,"column":48}},"4":{"start":{"line":15,"column":20},"end":{"line":15,"column":60}},"5":{"start":{"line":15,"column":43},"end":{"line":15,"column":59}},"6":{"start":{"line":17,"column":2},"end":{"line":74,"column":4}},"7":{"start":{"line":59,"column":16},"end":{"line":61,"column":18}},"8":{"start":{"line":60,"column":18},"end":{"line":60,"column":60}}},"fnMap":{"0":{"name":"(anonymous_0)","decl":{"start":{"line":9,"column":15},"end":{"line":9,"column":16}},"loc":{"start":{"line":9,"column":21},"end":{"line":75,"column":1}},"line":9},"1":{"name":"(anonymous_1)","decl":{"start":{"line":15,"column":32},"end":{"line":15,"column":33}},"loc":{"start":{"line":15,"column":43},"end":{"line":15,"column":59}},"line":15},"2":{"name":"(anonymous_2)","decl":{"start":{"line":58,"column":23},"end":{"line":58,"column":24}},"loc":{"start":{"line":58,"column":29},"end":{"line":62,"column":15}},"line":58},"3":{"name":"(anonymous_3)","decl":{"start":{"line":59,"column":32},"end":{"line":59,"column":33}},"loc":{"start":{"line":60,"column":18},"end":{"line":60,"column":60}},"line":60}},"branchMap":{"0":{"loc":{"start":{"line":28,"column":21},"end":{"line":28,"column":47}},"type":"cond-expr","locations":[{"start":{"line":28,"column":36},"end":{"line":28,"column":40}},{"start":{"line":28,"column":43},"end":{"line":28,"column":47}}],"line":28},"1":{"loc":{"start":{"line":60,"column":18},"end":{"line":60,"column":60}},"type":"cond-expr","locations":[{"start":{"line":60,"column":42},"end":{"line":60,"column":50}},{"start":{"line":60,"column":53},"end":{"line":60,"column":60}}],"line":60}},"s":{"0":2,"1":9,"2":9,"3":9,"4":9,"5":17,"6":9,"7":1,"8":1},"f":{"0":9,"1":17,"2":1,"3":1},"b":{"0":[9,0],"1":[1,0]},"_coverageSchema":"1a1c01bbd47fc00a2c39e90264f33305004495a9","hash":"1764e87a0fe2a88c305de2aeea076c71d9407f84"}
,"C:\\Users\\Himanshu Kumar\\Desktop\\Practice\\Lecture13\\src\\components\\ItemList.js": {"path":"C:\\Users\\Himanshu Kumar\\Desktop\\Practice\\Lecture13\\src\\components\\ItemList.js","statementMap":{"0":{"start":{"line":5,"column":17},"end":{"line":58,"column":1}},"1":{"start":{"line":6,"column":19},"end":{"line":6,"column":32}},"2":{"start":{"line":8,"column":24},"end":{"line":12,"column":3}},"3":{"start":{"line":10,"column":4},"end":{"line":10,"column":28}},"4":{"start":{"line":14,"column":2},"end":{"line":57,"column":4}},"5":{"start":{"line":18,"column":10},"end":{"line":53,"column":16}},"6":{"start":{"line":46,"column":35},"end":{"line":46,"column":54}}},"fnMap":{"0":{"name":"(anonymous_0)","decl":{"start":{"line":5,"column":17},"end":{"line":5,"column":18}},"loc":{"start":{"line":5,"column":32},"end":{"line":58,"column":1}},"line":5},"1":{"name":"(anonymous_1)","decl":{"start":{"line":8,"column":24},"end":{"line":8,"column":25}},"loc":{"start":{"line":8,"column":34},"end":{"line":12,"column":3}},"line":8},"2":{"name":"(anonymous_2)","decl":{"start":{"line":17,"column":19},"end":{"line":17,"column":20}},"loc":{"start":{"line":18,"column":10},"end":{"line":53,"column":16}},"line":18},"3":{"name":"(anonymous_3)","decl":{"start":{"line":46,"column":29},"end":{"line":46,"column":30}},"loc":{"start":{"line":46,"column":35},"end":{"line":46,"column":54}},"line":46}},"branchMap":{"0":{"loc":{"start":{"line":41,"column":19},"end":{"line":41,"column":75}},"type":"binary-expr","locations":[{"start":{"line":41,"column":19},"end":{"line":41,"column":45}},{"start":{"line":41,"column":49},"end":{"line":41,"column":75}}],"line":41}},"s":{"0":2,"1":16,"2":16,"3":2,"4":16,"5":137,"6":2},"f":{"0":16,"1":2,"2":137,"3":2},"b":{"0":[137,0]},"_coverageSchema":"1a1c01bbd47fc00a2c39e90264f33305004495a9","hash":"485e36dd646e57369235826f7ef7caf698db2e13"}
,"C:\\Users\\Himanshu Kumar\\Desktop\\Practice\\Lecture13\\src\\components\\OfflineMessage.js": {"path":"C:\\Users\\Himanshu Kumar\\Desktop\\Practice\\Lecture13\\src\\components\\OfflineMessage.js","statementMap":{"0":{"start":{"line":3,"column":23},"end":{"line":19,"column":1}},"1":{"start":{"line":4,"column":2},"end":{"line":18,"column":4}},"2":{"start":{"line":12,"column":25},"end":{"line":12,"column":49}}},"fnMap":{"0":{"name":"(anonymous_0)","decl":{"start":{"line":3,"column":23},"end":{"line":3,"column":24}},"loc":{"start":{"line":3,"column":29},"end":{"line":19,"column":1}},"line":3},"1":{"name":"(anonymous_1)","decl":{"start":{"line":12,"column":19},"end":{"line":12,"column":20}},"loc":{"start":{"line":12,"column":25},"end":{"line":12,"column":49}},"line":12}},"branchMap":{},"s":{"0":1,"1":0,"2":0},"f":{"0":0,"1":0},"b":{},"_coverageSchema":"1a1c01bbd47fc00a2c39e90264f33305004495a9","hash":"37cb56b6f1ce519af25a973ee8419189fa54d627"}
,"C:\\Users\\Himanshu Kumar\\Desktop\\Practice\\Lecture13\\src\\components\\RestaurantCard.js": {"path":"C:\\Users\\Himanshu Kumar\\Desktop\\Practice\\Lecture13\\src\\components\\RestaurantCard.js","statementMap":{"0":{"start":{"line":6,"column":23},"end":{"line":35,"column":1}},"1":{"start":{"line":7,"column":22},"end":{"line":7,"column":27}},"2":{"start":{"line":9,"column":57},"end":{"line":9,"column":70}},"3":{"start":{"line":10,"column":25},"end":{"line":10,"column":48}},"4":{"start":{"line":11,"column":2},"end":{"line":34,"column":4}},"5":{"start":{"line":40,"column":29},"end":{"line":51,"column":1}},"6":{"start":{"line":41,"column":2},"end":{"line":50,"column":4}},"7":{"start":{"line":42,"column":4},"end":{"line":49,"column":6}}},"fnMap":{"0":{"name":"(anonymous_0)","decl":{"start":{"line":6,"column":23},"end":{"line":6,"column":24}},"loc":{"start":{"line":6,"column":34},"end":{"line":35,"column":1}},"line":6},"1":{"name":"(anonymous_1)","decl":{"start":{"line":40,"column":29},"end":{"line":40,"column":30}},"loc":{"start":{"line":40,"column":49},"end":{"line":51,"column":1}},"line":40},"2":{"name":"(anonymous_2)","decl":{"start":{"line":41,"column":9},"end":{"line":41,"column":10}},"loc":{"start":{"line":41,"column":20},"end":{"line":50,"column":3}},"line":41}},"branchMap":{},"s":{"0":2,"1":77,"2":77,"3":77,"4":77,"5":2,"6":8,"7":76},"f":{"0":77,"1":8,"2":76},"b":{},"_coverageSchema":"1a1c01bbd47fc00a2c39e90264f33305004495a9","hash":"f0f1f47d16d9669c6239b968a46ecf86eb7b5a8e"}
,"C:\\Users\\Himanshu Kumar\\Desktop\\Practice\\Lecture13\\src\\components\\RestaurantCategory.js": {"path":"C:\\Users\\Himanshu Kumar\\Desktop\\Practice\\Lecture13\\src\\components\\RestaurantCategory.js","statementMap":{"0":{"start":{"line":5,"column":22},"end":{"line":7,"column":3}},"1":{"start":{"line":6,"column":4},"end":{"line":6,"column":43}},"2":{"start":{"line":9,"column":2},"end":{"line":43,"column":4}}},"fnMap":{"0":{"name":"RestaurantCategory","decl":{"start":{"line":4,"column":9},"end":{"line":4,"column":27}},"loc":{"start":{"line":4,"column":70},"end":{"line":44,"column":1}},"line":4},"1":{"name":"(anonymous_1)","decl":{"start":{"line":5,"column":22},"end":{"line":5,"column":23}},"loc":{"start":{"line":5,"column":28},"end":{"line":7,"column":3}},"line":5}},"branchMap":{"0":{"loc":{"start":{"line":6,"column":17},"end":{"line":6,"column":41}},"type":"cond-expr","locations":[{"start":{"line":6,"column":29},"end":{"line":6,"column":33}},{"start":{"line":6,"column":36},"end":{"line":6,"column":41}}],"line":6},"1":{"loc":{"start":{"line":20,"column":12},"end":{"line":20,"column":41}},"type":"cond-expr","locations":[{"start":{"line":20,"column":24},"end":{"line":20,"column":36}},{"start":{"line":20,"column":39},"end":{"line":20,"column":41}}],"line":20},"2":{"loc":{"start":{"line":29,"column":12},"end":{"line":29,"column":50}},"type":"cond-expr","locations":[{"start":{"line":29,"column":24},"end":{"line":29,"column":38}},{"start":{"line":29,"column":41},"end":{"line":29,"column":50}}],"line":29},"3":{"loc":{"start":{"line":35,"column":14},"end":{"line":35,"column":67}},"type":"cond-expr","locations":[{"start":{"line":35,"column":42},"end":{"line":35,"column":52}},{"start":{"line":35,"column":55},"end":{"line":35,"column":67}}],"line":35}},"s":{"0":14,"1":1,"2":14},"f":{"0":14,"1":1},"b":{"0":[0,1],"1":[1,13],"2":[1,13],"3":[10,4]},"_coverageSchema":"1a1c01bbd47fc00a2c39e90264f33305004495a9","hash":"1459cf21f5b347f166cb00d7bac39bc2be8e832c"}
,"C:\\Users\\Himanshu Kumar\\Desktop\\Practice\\Lecture13\\src\\components\\RestaurantMenu.js": {"path":"C:\\Users\\Himanshu Kumar\\Desktop\\Practice\\Lecture13\\src\\components\\RestaurantMenu.js","statementMap":{"0":{"start":{"line":7,"column":23},"end":{"line":42,"column":1}},"1":{"start":{"line":9,"column":20},"end":{"line":9,"column":31}},"2":{"start":{"line":10,"column":18},"end":{"line":10,"column":42}},"3":{"start":{"line":11,"column":36},"end":{"line":11,"column":50}},"4":{"start":{"line":14,"column":2},"end":{"line":14,"column":43}},"5":{"start":{"line":14,"column":24},"end":{"line":14,"column":43}},"6":{"start":{"line":17,"column":21},"end":{"line":19,"column":3}},"7":{"start":{"line":18,"column":9},"end":{"line":18,"column":99}},"8":{"start":{"line":21,"column":2},"end":{"line":41,"column":4}},"9":{"start":{"line":29,"column":12},"end":{"line":34,"column":14}},"10":{"start":{"line":33,"column":34},"end":{"line":33,"column":82}}},"fnMap":{"0":{"name":"(anonymous_0)","decl":{"start":{"line":7,"column":23},"end":{"line":7,"column":24}},"loc":{"start":{"line":7,"column":29},"end":{"line":42,"column":1}},"line":7},"1":{"name":"(anonymous_1)","decl":{"start":{"line":18,"column":4},"end":{"line":18,"column":5}},"loc":{"start":{"line":18,"column":9},"end":{"line":18,"column":99}},"line":18},"2":{"name":"(anonymous_2)","decl":{"start":{"line":28,"column":25},"end":{"line":28,"column":26}},"loc":{"start":{"line":29,"column":12},"end":{"line":34,"column":14}},"line":29},"3":{"name":"(anonymous_3)","decl":{"start":{"line":33,"column":28},"end":{"line":33,"column":29}},"loc":{"start":{"line":33,"column":34},"end":{"line":33,"column":82}},"line":33}},"branchMap":{"0":{"loc":{"start":{"line":14,"column":2},"end":{"line":14,"column":43}},"type":"if","locations":[{"start":{"line":14,"column":2},"end":{"line":14,"column":43}},{"start":{},"end":{}}],"line":14},"1":{"loc":{"start":{"line":27,"column":9},"end":{"line":38,"column":9}},"type":"cond-expr","locations":[{"start":{"line":28,"column":10},"end":{"line":35,"column":12}},{"start":{"line":37,"column":10},"end":{"line":37,"column":43}}],"line":27},"2":{"loc":{"start":{"line":27,"column":9},"end":{"line":27,"column":44}},"type":"binary-expr","locations":[{"start":{"line":27,"column":9},"end":{"line":27,"column":19}},{"start":{"line":27,"column":23},"end":{"line":27,"column":44}}],"line":27},"3":{"loc":{"start":{"line":33,"column":47},"end":{"line":33,"column":81}},"type":"cond-expr","locations":[{"start":{"line":33,"column":69},"end":{"line":33,"column":73}},{"start":{"line":33,"column":76},"end":{"line":33,"column":81}}],"line":33}},"s":{"0":1,"1":3,"2":3,"3":3,"4":3,"5":1,"6":2,"7":38,"8":2,"9":14,"10":1},"f":{"0":3,"1":38,"2":14,"3":1},"b":{"0":[1,2],"1":[2,0],"2":[2,2],"3":[0,1]},"_coverageSchema":"1a1c01bbd47fc00a2c39e90264f33305004495a9","hash":"1057d1022f02a1c5c9e1c90d99fd3a0c84cec90d"}
,"C:\\Users\\Himanshu Kumar\\Desktop\\Practice\\Lecture13\\src\\components\\Shimmer.js": {"path":"C:\\Users\\Himanshu Kumar\\Desktop\\Practice\\Lecture13\\src\\components\\Shimmer.js","statementMap":{"0":{"start":{"line":1,"column":16},"end":{"line":17,"column":1}},"1":{"start":{"line":2,"column":2},"end":{"line":16,"column":4}},"2":{"start":{"line":5,"column":8},"end":{"line":13,"column":14}}},"fnMap":{"0":{"name":"(anonymous_0)","decl":{"start":{"line":1,"column":16},"end":{"line":1,"column":17}},"loc":{"start":{"line":1,"column":22},"end":{"line":17,"column":1}},"line":1},"1":{"name":"(anonymous_1)","decl":{"start":{"line":4,"column":25},"end":{"line":4,"column":26}},"loc":{"start":{"line":5,"column":8},"end":{"line":13,"column":14}},"line":5}},"branchMap":{},"s":{"0":2,"1":3,"2":12},"f":{"0":3,"1":12},"b":{},"_coverageSchema":"1a1c01bbd47fc00a2c39e90264f33305004495a9","hash":"963a0039e5e9ccd467e604c00bc7ae179efeed1d"}
,"C:\\Users\\Himanshu Kumar\\Desktop\\Practice\\Lecture13\\src\\components\\sum.js": {"path":"C:\\Users\\Himanshu Kumar\\Desktop\\Practice\\Lecture13\\src\\components\\sum.js","statementMap":{"0":{"start":{"line":1,"column":19},"end":{"line":3,"column":1}},"1":{"start":{"line":2,"column":4},"end":{"line":2,"column":17}}},"fnMap":{"0":{"name":"(anonymous_0)","decl":{"start":{"line":1,"column":19},"end":{"line":1,"column":20}},"loc":{"start":{"line":1,"column":28},"end":{"line":3,"column":1}},"line":1}},"branchMap":{},"s":{"0":1,"1":1},"f":{"0":1},"b":{},"_coverageSchema":"1a1c01bbd47fc00a2c39e90264f33305004495a9","hash":"b7d954b477f95d132581a2565b5d1af8ed6d73ea"}
,"C:\\Users\\Himanshu Kumar\\Desktop\\Practice\\Lecture13\\src\\utils\\UserContext.js": {"path":"C:\\Users\\Himanshu Kumar\\Desktop\\Practice\\Lecture13\\src\\utils\\UserContext.js","statementMap":{"0":{"start":{"line":3,"column":20},"end":{"line":5,"column":2}}},"fnMap":{},"branchMap":{},"s":{"0":4},"f":{},"b":{},"_coverageSchema":"1a1c01bbd47fc00a2c39e90264f33305004495a9","hash":"a5dc59a8a1ce0541b485bddaef733175a1a54e09"}
,"C:\\Users\\Himanshu Kumar\\Desktop\\Practice\\Lecture13\\src\\utils\\appStore.js": {"path":"C:\\Users\\Himanshu Kumar\\Desktop\\Practice\\Lecture13\\src\\utils\\appStore.js","statementMap":{"0":{"start":{"line":4,"column":17},"end":{"line":10,"column":2}}},"fnMap":{},"branchMap":{},"s":{"0":2},"f":{},"b":{},"_coverageSchema":"1a1c01bbd47fc00a2c39e90264f33305004495a9","hash":"0801bcf988619d8e3675ff5a899fe2b4deba09dc"}
,"C:\\Users\\Himanshu Kumar\\Desktop\\Practice\\Lecture13\\src\\utils\\cartSlice.js": {"path":"C:\\Users\\Himanshu Kumar\\Desktop\\Practice\\Lecture13\\src\\utils\\cartSlice.js","statementMap":{"0":{"start":{"line":3,"column":18},"end":{"line":33,"column":2}},"1":{"start":{"line":18,"column":12},"end":{"line":18,"column":45}},"2":{"start":{"line":22,"column":26},"end":{"line":22,"column":40}},"3":{"start":{"line":25,"column":12},"end":{"line":27,"column":13}},"4":{"start":{"line":26,"column":14},"end":{"line":26,"column":43}},"5":{"start":{"line":30,"column":12},"end":{"line":30,"column":35}},"6":{"start":{"line":37,"column":48},"end":{"line":37,"column":65}}},"fnMap":{"0":{"name":"(anonymous_0)","decl":{"start":{"line":9,"column":17},"end":{"line":9,"column":18}},"loc":{"start":{"line":9,"column":36},"end":{"line":19,"column":9}},"line":9},"1":{"name":"(anonymous_1)","decl":{"start":{"line":20,"column":20},"end":{"line":20,"column":21}},"loc":{"start":{"line":20,"column":39},"end":{"line":28,"column":11}},"line":20},"2":{"name":"(anonymous_2)","decl":{"start":{"line":29,"column":19},"end":{"line":29,"column":20}},"loc":{"start":{"line":29,"column":30},"end":{"line":31,"column":9}},"line":29}},"branchMap":{"0":{"loc":{"start":{"line":25,"column":12},"end":{"line":27,"column":13}},"type":"if","locations":[{"start":{"line":25,"column":12},"end":{"line":27,"column":13}},{"start":{},"end":{}}],"line":25},"1":{"loc":{"start":{"line":25,"column":16},"end":{"line":25,"column":56}},"type":"binary-expr","locations":[{"start":{"line":25,"column":16},"end":{"line":25,"column":26}},{"start":{"line":25,"column":30},"end":{"line":25,"column":56}}],"line":25}},"s":{"0":2,"1":2,"2":0,"3":0,"4":0,"5":1,"6":2},"f":{"0":2,"1":0,"2":1},"b":{"0":[0,0],"1":[0,0]},"_coverageSchema":"1a1c01bbd47fc00a2c39e90264f33305004495a9","hash":"9861e777b81f38e3aa169a447b10f1882db301f9"}
,"C:\\Users\\Himanshu Kumar\\Desktop\\Practice\\Lecture13\\src\\utils\\constants.js": {"path":"C:\\Users\\Himanshu Kumar\\Desktop\\Practice\\Lecture13\\src\\utils\\constants.js","statementMap":{"0":{"start":{"line":1,"column":23},"end":{"line":1,"column":106}},"1":{"start":{"line":3,"column":24},"end":{"line":3,"column":357}},"2":{"start":{"line":5,"column":24},"end":{"line":5,"column":155}}},"fnMap":{},"branchMap":{},"s":{"0":4,"1":4,"2":4},"f":{},"b":{},"_coverageSchema":"1a1c01bbd47fc00a2c39e90264f33305004495a9","hash":"8781074fc0c6fcaeef3e3c88c9070c8d0bedb213"}
,"C:\\Users\\Himanshu Kumar\\Desktop\\Practice\\Lecture13\\src\\utils\\useOnlineStatus.js": {"path":"C:\\Users\\Himanshu Kumar\\Desktop\\Practice\\Lecture13\\src\\utils\\useOnlineStatus.js","statementMap":{"0":{"start":{"line":3,"column":24},"end":{"line":18,"column":1}},"1":{"start":{"line":4,"column":42},"end":{"line":4,"column":56}},"2":{"start":{"line":7,"column":2},"end":{"line":14,"column":9}},"3":{"start":{"line":8,"column":4},"end":{"line":10,"column":7}},"4":{"start":{"line":9,"column":6},"end":{"line":9,"column":29}},"5":{"start":{"line":11,"column":4},"end":{"line":13,"column":7}},"6":{"start":{"line":12,"column":6},"end":{"line":12,"column":28}},"7":{"start":{"line":17,"column":2},"end":{"line":17,"column":22}}},"fnMap":{"0":{"name":"(anonymous_0)","decl":{"start":{"line":3,"column":24},"end":{"line":3,"column":25}},"loc":{"start":{"line":3,"column":30},"end":{"line":18,"column":1}},"line":3},"1":{"name":"(anonymous_1)","decl":{"start":{"line":7,"column":12},"end":{"line":7,"column":13}},"loc":{"start":{"line":7,"column":18},"end":{"line":14,"column":3}},"line":7},"2":{"name":"(anonymous_2)","decl":{"start":{"line":8,"column":39},"end":{"line":8,"column":40}},"loc":{"start":{"line":8,"column":45},"end":{"line":10,"column":5}},"line":8},"3":{"name":"(anonymous_3)","decl":{"start":{"line":11,"column":38},"end":{"line":11,"column":39}},"loc":{"start":{"line":11,"column":44},"end":{"line":13,"column":5}},"line":11}},"branchMap":{},"s":{"0":3,"1":16,"2":16,"3":7,"4":0,"5":7,"6":0,"7":16},"f":{"0":16,"1":7,"2":0,"3":0},"b":{},"_coverageSchema":"1a1c01bbd47fc00a2c39e90264f33305004495a9","hash":"c537f31522c7d47a703be4590157f083aab34a1d"}
,"C:\\Users\\Himanshu Kumar\\Desktop\\Practice\\Lecture13\\src\\utils\\useRestaurantMenu.js": {"path":"C:\\Users\\Himanshu Kumar\\Desktop\\Practice\\Lecture13\\src\\utils\\useRestaurantMenu.js","statementMap":{"0":{"start":{"line":6,"column":26},"end":{"line":22,"column":1}},"1":{"start":{"line":8,"column":32},"end":{"line":8,"column":46}},"2":{"start":{"line":10,"column":2},"end":{"line":12,"column":9}},"3":{"start":{"line":11,"column":4},"end":{"line":11,"column":16}},"4":{"start":{"line":14,"column":20},"end":{"line":19,"column":3}},"5":{"start":{"line":15,"column":17},"end":{"line":15,"column":46}},"6":{"start":{"line":16,"column":17},"end":{"line":16,"column":34}},"7":{"start":{"line":18,"column":4},"end":{"line":18,"column":26}},"8":{"start":{"line":21,"column":2},"end":{"line":21,"column":17}}},"fnMap":{"0":{"name":"(anonymous_0)","decl":{"start":{"line":6,"column":26},"end":{"line":6,"column":27}},"loc":{"start":{"line":6,"column":37},"end":{"line":22,"column":1}},"line":6},"1":{"name":"(anonymous_1)","decl":{"start":{"line":10,"column":12},"end":{"line":10,"column":13}},"loc":{"start":{"line":10,"column":18},"end":{"line":12,"column":3}},"line":10},"2":{"name":"(anonymous_2)","decl":{"start":{"line":14,"column":20},"end":{"line":14,"column":21}},"loc":{"start":{"line":14,"column":32},"end":{"line":19,"column":3}},"line":14}},"branchMap":{},"s":{"0":1,"1":3,"2":3,"3":1,"4":3,"5":1,"6":1,"7":1,"8":3},"f":{"0":3,"1":1,"2":1},"b":{},"_coverageSchema":"1a1c01bbd47fc00a2c39e90264f33305004495a9","hash":"3bf8d7d74d58fb11a69e6c276f1e50eb691f9fe8"}
}
