TN:
SF:src\components\Body.js
FN:10,(anonymous_0)
FN:17,(anonymous_1)
FN:21,(anonymous_2)
FN:37,(anonymous_3)
FN:39,(anonymous_4)
FN:55,(anonymous_5)
FN:76,(anonymous_6)
FN:80,(anonymous_7)
FN:81,(anonymous_8)
FN:103,(anonymous_9)
FNF:10
FNH:9
FNDA:7,(anonymous_0)
FNDA:2,(anonymous_1)
FNDA:2,(anonymous_2)
FNDA:1,(anonymous_3)
FNDA:20,(anonymous_4)
FNDA:0,(anonymous_5)
FNDA:1,(anonymous_6)
FNDA:1,(anonymous_7)
FNDA:20,(anonymous_8)
FNDA:75,(anonymous_9)
DA:10,1
DA:11,7
DA:12,7
DA:13,7
DA:14,7
DA:16,7
DA:17,7
DA:18,2
DA:21,7
DA:22,2
DA:25,2
DA:26,2
DA:29,2
DA:34,7
DA:35,7
DA:37,7
DA:38,1
DA:39,20
DA:41,1
DA:44,7
DA:55,0
DA:76,1
DA:81,1
DA:82,20
DA:84,1
DA:104,75
LF:26
LH:25
BRDA:35,0,0,0
BRDA:35,0,1,7
BRDA:44,1,0,2
BRDA:44,1,1,5
BRDA:109,2,0,75
BRDA:109,2,1,0
BRF:6
BRH:4
end_of_record
TN:
SF:src\components\Cart.js
FN:7,(anonymous_0)
FN:8,(anonymous_1)
FN:14,(anonymous_2)
FN:18,(anonymous_3)
FN:49,(anonymous_4)
FNF:5
FNH:3
FNDA:4,(anonymous_0)
FNDA:8,(anonymous_1)
FNDA:1,(anonymous_2)
FNDA:0,(anonymous_3)
FNDA:0,(anonymous_4)
DA:7,2
DA:8,8
DA:9,4
DA:12,4
DA:14,4
DA:15,1
DA:18,4
DA:19,0
DA:20,0
DA:21,0
DA:22,0
DA:24,0
DA:28,4
DA:49,0
LF:14
LH:8
BRDA:20,0,0,0
BRDA:20,0,1,0
BRDA:20,1,0,0
BRDA:20,1,1,0
BRDA:20,1,2,0
BRDA:61,2,0,2
BRDA:61,2,1,2
BRF:7
BRH:2
end_of_record
TN:
SF:src\components\Contact.js
FN:3,(anonymous_0)
FN:10,(anonymous_1)
FN:18,(anonymous_2)
FNF:3
FNH:1
FNDA:4,(anonymous_0)
FNDA:0,(anonymous_1)
FNDA:0,(anonymous_2)
DA:3,1
DA:4,4
DA:10,4
DA:11,0
DA:12,0
DA:18,4
DA:19,0
DA:21,0
DA:22,0
DA:24,0
DA:31,4
LF:11
LH:5
BRF:0
BRH:0
end_of_record
TN:
SF:src\components\Header.js
FN:9,(anonymous_0)
FN:15,(anonymous_1)
FN:58,(anonymous_2)
FN:59,(anonymous_3)
FNF:4
FNH:4
FNDA:9,(anonymous_0)
FNDA:17,(anonymous_1)
FNDA:1,(anonymous_2)
FNDA:1,(anonymous_3)
DA:9,2
DA:10,9
DA:11,9
DA:12,9
DA:15,17
DA:17,9
DA:59,1
DA:60,1
LF:8
LH:8
BRDA:28,0,0,9
BRDA:28,0,1,0
BRDA:60,1,0,1
BRDA:60,1,1,0
BRF:4
BRH:2
end_of_record
TN:
SF:src\components\ItemList.js
FN:5,(anonymous_0)
FN:8,(anonymous_1)
FN:17,(anonymous_2)
FN:46,(anonymous_3)
FNF:4
FNH:4
FNDA:16,(anonymous_0)
FNDA:2,(anonymous_1)
FNDA:137,(anonymous_2)
FNDA:2,(anonymous_3)
DA:5,2
DA:6,16
DA:8,16
DA:10,2
DA:14,16
DA:18,137
DA:46,2
LF:7
LH:7
BRDA:41,0,0,137
BRDA:41,0,1,0
BRF:2
BRH:1
end_of_record
TN:
SF:src\components\OfflineMessage.js
FN:3,(anonymous_0)
FN:12,(anonymous_1)
FNF:2
FNH:0
FNDA:0,(anonymous_0)
FNDA:0,(anonymous_1)
DA:3,1
DA:4,0
DA:12,0
LF:3
LH:1
BRF:0
BRH:0
end_of_record
TN:
SF:src\components\RestaurantCard.js
FN:6,(anonymous_0)
FN:40,(anonymous_1)
FN:41,(anonymous_2)
FNF:3
FNH:3
FNDA:77,(anonymous_0)
FNDA:8,(anonymous_1)
FNDA:76,(anonymous_2)
DA:6,2
DA:7,77
DA:9,77
DA:10,77
DA:11,77
DA:40,2
DA:41,8
DA:42,76
LF:8
LH:8
BRF:0
BRH:0
end_of_record
TN:
SF:src\components\RestaurantCategory.js
FN:4,RestaurantCategory
FN:5,(anonymous_1)
FNF:2
FNH:2
FNDA:14,RestaurantCategory
FNDA:1,(anonymous_1)
DA:5,14
DA:6,1
DA:9,14
LF:3
LH:3
BRDA:6,0,0,0
BRDA:6,0,1,1
BRDA:20,1,0,1
BRDA:20,1,1,13
BRDA:29,2,0,1
BRDA:29,2,1,13
BRDA:35,3,0,10
BRDA:35,3,1,4
BRF:8
BRH:7
end_of_record
TN:
SF:src\components\RestaurantMenu.js
FN:7,(anonymous_0)
FN:18,(anonymous_1)
FN:28,(anonymous_2)
FN:33,(anonymous_3)
FNF:4
FNH:4
FNDA:3,(anonymous_0)
FNDA:38,(anonymous_1)
FNDA:14,(anonymous_2)
FNDA:1,(anonymous_3)
DA:7,1
DA:9,3
DA:10,3
DA:11,3
DA:14,3
DA:17,2
DA:18,38
DA:21,2
DA:29,14
DA:33,1
LF:10
LH:10
BRDA:14,0,0,1
BRDA:14,0,1,2
BRDA:27,1,0,2
BRDA:27,1,1,0
BRDA:27,2,0,2
BRDA:27,2,1,2
BRDA:33,3,0,0
BRDA:33,3,1,1
BRF:8
BRH:6
end_of_record
TN:
SF:src\components\Shimmer.js
FN:1,(anonymous_0)
FN:4,(anonymous_1)
FNF:2
FNH:2
FNDA:3,(anonymous_0)
FNDA:12,(anonymous_1)
DA:1,2
DA:2,3
DA:5,12
LF:3
LH:3
BRF:0
BRH:0
end_of_record
TN:
SF:src\components\sum.js
FN:1,(anonymous_0)
FNF:1
FNH:1
FNDA:1,(anonymous_0)
DA:1,1
DA:2,1
LF:2
LH:2
BRF:0
BRH:0
end_of_record
TN:
SF:src\utils\UserContext.js
FNF:0
FNH:0
DA:3,4
LF:1
LH:1
BRF:0
BRH:0
end_of_record
TN:
SF:src\utils\appStore.js
FNF:0
FNH:0
DA:4,2
LF:1
LH:1
BRF:0
BRH:0
end_of_record
TN:
SF:src\utils\cartSlice.js
FN:9,(anonymous_0)
FN:20,(anonymous_1)
FN:29,(anonymous_2)
FNF:3
FNH:2
FNDA:2,(anonymous_0)
FNDA:0,(anonymous_1)
FNDA:1,(anonymous_2)
DA:3,2
DA:18,2
DA:22,0
DA:25,0
DA:26,0
DA:30,1
DA:37,2
LF:7
LH:4
BRDA:25,0,0,0
BRDA:25,0,1,0
BRDA:25,1,0,0
BRDA:25,1,1,0
BRF:4
BRH:0
end_of_record
TN:
SF:src\utils\constants.js
FNF:0
FNH:0
DA:1,4
DA:3,4
DA:5,4
LF:3
LH:3
BRF:0
BRH:0
end_of_record
TN:
SF:src\utils\useOnlineStatus.js
FN:3,(anonymous_0)
FN:7,(anonymous_1)
FN:8,(anonymous_2)
FN:11,(anonymous_3)
FNF:4
FNH:2
FNDA:16,(anonymous_0)
FNDA:7,(anonymous_1)
FNDA:0,(anonymous_2)
FNDA:0,(anonymous_3)
DA:3,3
DA:4,16
DA:7,16
DA:8,7
DA:9,0
DA:11,7
DA:12,0
DA:17,16
LF:8
LH:6
BRF:0
BRH:0
end_of_record
TN:
SF:src\utils\useRestaurantMenu.js
FN:6,(anonymous_0)
FN:10,(anonymous_1)
FN:14,(anonymous_2)
FNF:3
FNH:3
FNDA:3,(anonymous_0)
FNDA:1,(anonymous_1)
FNDA:1,(anonymous_2)
DA:6,1
DA:8,3
DA:10,3
DA:11,1
DA:14,3
DA:15,1
DA:16,1
DA:18,1
DA:21,3
LF:9
LH:9
BRF:0
BRH:0
end_of_record
